[ 2018-06-04T10:16:39+08:00 ] 127.0.0.1 127.0.0.1 GET HTTP://www.xw.com/
[ log ] www.xw.comHTTP://www.xw.com/ [运行时间：0.148008s][吞吐率：6.76req/s] [内存消耗：1,269.23kb] [文件加载：38]
[ info ] [ LANG ] D:\phpStudy\WWW\www.xw.com\thinkphp\lang\zh-cn.php
[ info ] [ ROUTE ] array (
  'type' => 'module',
  'module' => 
  array (
    0 => '',
    1 => NULL,
    2 => NULL,
  ),
)
[ info ] [ HEADER ] array (
  'host' => 'www.xw.com',
  'accept' => '*/*',
  'proxy-connection' => 'Keep-Alive',
)
[ info ] [ PARAM ] array (
)
[ info ] [ RUN ] app\index\controller\Index->index[ D:\phpStudy\WWW\www.xw.com\application\index\controller\Index.php ]
[ info ] [ LOG ] INIT File

---------------------------------------------------------------
