[ 2018-06-11T10:04:53+08:00 ] ::1 ::1 GET /
[ log ] localhost/ [运行时间：0.114006s][吞吐率：8.77req/s] [内存消耗：1,269.93kb] [文件加载：38]
[ info ] [ LANG ] D:\phpStudy\WWW\www.xw.com\thinkphp\lang\zh-cn.php
[ info ] [ ROUTE ] array (
  'type' => 'module',
  'module' => 
  array (
    0 => '',
    1 => NULL,
    2 => NULL,
  ),
)
[ info ] [ HEADER ] array (
  'host' => 'localhost',
  'connection' => 'keep-alive',
  'upgrade-insecure-requests' => '1',
  'user-agent' => 'Mozilla/5.0 (Windows NT 6.1; WOW64) AppleWebKit/537.36 (KHTML, like Gecko) Chrome/63.0.3239.132 Safari/537.36',
  'accept' => 'text/html,application/xhtml+xml,application/xml;q=0.9,image/webp,image/apng,*/*;q=0.8',
  'accept-encoding' => 'gzip, deflate, br',
  'accept-language' => 'zh-CN,zh;q=0.9',
)
[ info ] [ PARAM ] array (
)
[ info ] [ RUN ] app\index\controller\Index->index[ D:\phpStudy\WWW\www.xw.com\application\index\controller\Index.php ]
[ info ] [ LOG ] INIT File

---------------------------------------------------------------
[ 2018-06-11T10:04:53+08:00 ] ::1 ::1 GET /index.php
[ log ] localhost/index.php [运行时间：0.023001s][吞吐率：43.48req/s] [内存消耗：1,268.55kb] [文件加载：38]
[ info ] [ LANG ] D:\phpStudy\WWW\www.xw.com\thinkphp\lang\zh-cn.php
[ info ] [ ROUTE ] array (
  'type' => 'module',
  'module' => 
  array (
    0 => '',
    1 => NULL,
    2 => NULL,
  ),
)
[ info ] [ HEADER ] array (
  'host' => 'localhost',
  'accept-encoding' => 'compress,gzip',
  'connection' => 'Close',
)
[ info ] [ PARAM ] array (
)
[ info ] [ RUN ] app\index\controller\Index->index[ D:\phpStudy\WWW\www.xw.com\application\index\controller\Index.php ]
[ info ] [ LOG ] INIT File

---------------------------------------------------------------
[ 2018-06-11T18:20:47+08:00 ] 127.0.0.1 127.0.0.1 GET /
[ log ] 127.0.0.1/ [运行时间：0.398022s][吞吐率：2.51req/s] [内存消耗：1,451.75kb] [文件加载：38]
[ info ] [ LANG ] D:\phpStudy\WWW\www.xw.com\thinkphp\lang\zh-cn.php
[ info ] [ ROUTE ] array (
  'type' => 'module',
  'module' => 
  array (
    0 => '',
    1 => NULL,
    2 => NULL,
  ),
)
[ info ] [ HEADER ] array (
  'host' => '127.0.0.1',
  'connection' => 'keep-alive',
  'upgrade-insecure-requests' => '1',
  'user-agent' => 'Mozilla/5.0 (Windows NT 6.1; WOW64) AppleWebKit/537.36 (KHTML, like Gecko) Chrome/63.0.3239.132 Safari/537.36',
  'accept' => 'text/html,application/xhtml+xml,application/xml;q=0.9,image/webp,image/apng,*/*;q=0.8',
  'accept-encoding' => 'gzip, deflate, br',
  'accept-language' => 'zh-CN,zh;q=0.9',
)
[ info ] [ PARAM ] array (
)
[ info ] [ RUN ] app\index\controller\Index->index[ D:\phpStudy\WWW\www.xw.com\application\index\controller\Index.php ]
[ info ] [ LOG ] INIT File

---------------------------------------------------------------
[ 2018-06-11T18:20:47+08:00 ] 127.0.0.1 127.0.0.1 GET /index.php
[ log ] 127.0.0.1/index.php [运行时间：0.038002s][吞吐率：26.31req/s] [内存消耗：1,450.33kb] [文件加载：38]
[ info ] [ LANG ] D:\phpStudy\WWW\www.xw.com\thinkphp\lang\zh-cn.php
[ info ] [ ROUTE ] array (
  'type' => 'module',
  'module' => 
  array (
    0 => '',
    1 => NULL,
    2 => NULL,
  ),
)
[ info ] [ HEADER ] array (
  'host' => '127.0.0.1',
  'accept-encoding' => 'compress,gzip',
  'connection' => 'Close',
)
[ info ] [ PARAM ] array (
)
[ info ] [ RUN ] app\index\controller\Index->index[ D:\phpStudy\WWW\www.xw.com\application\index\controller\Index.php ]
[ info ] [ LOG ] INIT File

---------------------------------------------------------------
