[ 2018-06-22T14:31:38+08:00 ] 127.0.0.1 127.0.0.1 GET /q/1010000012378423/
[ log ] hnctw.com.cn.segmentfault.com/q/1010000012378423/ [运行时间：0.175605s][吞吐率：5.69req/s] [内存消耗：1,495.91kb] [文件加载：40]
[ info ] [ LANG ] D:\phpStudy\WWW\www.xw.com\thinkphp\lang\zh-cn.php
[ info ] [ ROUTE ] array (
  'type' => 'module',
  'module' => 
  array (
    0 => 'q',
    1 => '1010000012378423',
    2 => NULL,
  ),
)
[ info ] [ HEADER ] array (
  'host' => 'hnctw.com.cn.segmentfault.com',
  'connection' => 'keep-alive',
  'upgrade-insecure-requests' => '1',
  'user-agent' => 'Mozilla/5.0 (Windows NT 6.1; WOW64) AppleWebKit/537.36 (KHTML, like Gecko) Chrome/63.0.3239.132 Safari/537.36',
  'accept' => 'text/html,application/xhtml+xml,application/xml;q=0.9,image/webp,image/apng,*/*;q=0.8',
  'referer' => 'https://www.baidu.com/link?url=Pv884i6MouA1ZpyX1-3fHdjCNPELkOr5iKIoOlQNUHpF1EuYsR33l_vLP0S9Jvvi7Y2nH6_pwNLXORmqbkJxH8pBzbUjXr7kNvEHhvkRQ_C&wd=&eqid=c88143690005fea8000000025b2c9798',
  'accept-encoding' => 'gzip, deflate',
  'accept-language' => 'zh-CN,zh;q=0.9',
  'cookie' => '_ga=GA1.2.999692881.1526381080; _gid=GA1.2.1656614735.1529571014; afpCT=1; Hm_lvt_e23800c454aa573c0ccb16b52665ac26=1529648484,1529648980,1529649000,1529649038; Hm_lpvt_e23800c454aa573c0ccb16b52665ac26=1529649038',
)
[ info ] [ PARAM ] array (
)
[ info ] [ LOG ] INIT File

---------------------------------------------------------------
[ 2018-06-22T16:43:29+08:00 ] 127.0.0.1 127.0.0.1 GET /
[ log ] 127.0.0.1/ [运行时间：0.043002s][吞吐率：23.25req/s] [内存消耗：1,452.00kb] [文件加载：38]
[ info ] [ LANG ] D:\phpStudy\WWW\www.xw.com\thinkphp\lang\zh-cn.php
[ info ] [ ROUTE ] array (
  'type' => 'module',
  'module' => 
  array (
    0 => '',
    1 => NULL,
    2 => NULL,
  ),
)
[ info ] [ HEADER ] array (
  'host' => '127.0.0.1',
  'connection' => 'keep-alive',
  'upgrade-insecure-requests' => '1',
  'user-agent' => 'Mozilla/5.0 (Windows NT 6.1; WOW64) AppleWebKit/537.36 (KHTML, like Gecko) Chrome/66.0.3359.139 Safari/537.36',
  'accept' => 'text/html,application/xhtml+xml,application/xml;q=0.9,image/webp,image/apng,*/*;q=0.8',
  'accept-encoding' => 'gzip, deflate, br',
  'accept-language' => 'zh-CN,zh;q=0.9',
  'cookie' => 'PHPSESSID=fdps7uqpfegt5d09dc9gso9e67',
)
[ info ] [ PARAM ] array (
)
[ info ] [ RUN ] app\index\controller\Index->index[ D:\phpStudy\WWW\www.xw.com\application\index\controller\Index.php ]
[ info ] [ LOG ] INIT File

---------------------------------------------------------------
[ 2018-06-22T16:43:36+08:00 ] 127.0.0.1 127.0.0.1 GET /
[ log ] 127.0.0.1/ [运行时间：0.036002s][吞吐率：27.78req/s] [内存消耗：1,452.20kb] [文件加载：38]
[ info ] [ LANG ] D:\phpStudy\WWW\www.xw.com\thinkphp\lang\zh-cn.php
[ info ] [ ROUTE ] array (
  'type' => 'module',
  'module' => 
  array (
    0 => '',
    1 => NULL,
    2 => NULL,
  ),
)
[ info ] [ HEADER ] array (
  'host' => '127.0.0.1',
  'connection' => 'keep-alive',
  'cache-control' => 'max-age=0',
  'upgrade-insecure-requests' => '1',
  'user-agent' => 'Mozilla/5.0 (Windows NT 6.1; WOW64) AppleWebKit/537.36 (KHTML, like Gecko) Chrome/66.0.3359.139 Safari/537.36',
  'accept' => 'text/html,application/xhtml+xml,application/xml;q=0.9,image/webp,image/apng,*/*;q=0.8',
  'accept-encoding' => 'gzip, deflate, br',
  'accept-language' => 'zh-CN,zh;q=0.9',
  'cookie' => 'PHPSESSID=fdps7uqpfegt5d09dc9gso9e67',
)
[ info ] [ PARAM ] array (
)
[ info ] [ RUN ] app\index\controller\Index->index[ D:\phpStudy\WWW\www.xw.com\application\index\controller\Index.php ]
[ info ] [ LOG ] INIT File

---------------------------------------------------------------
